Name: isort
Module: isort
Python extension loading
Waiting for interpreter from python extension.
Python extension loaded
CWD Server: /home/zoltan/Desktop/djangofeladat
sys.path used to run Server:
   /home/zoltan/.var/app/com.visualstudio.code/data/vscode/extensions/ms-python.isort-2022.8.0/bundled/libs
   /home/zoltan/.var/app/com.visualstudio.code/data/vscode/extensions/ms-python.isort-2022.8.0/bundled/tool
   /usr/lib/python310.zip
   /usr/lib/python3.10
   /usr/lib/python3.10/lib-dynload
   /app/lib/python3.10/site-packages
   /usr/lib/python3.10/site-packages
Settings used to run Server:
[
    {
        "check": false,
        "workspace": "file:///home/zoltan/Desktop/djangofeladat",
        "logLevel": "error",
        "args": [],
        "severity": {
            "W": "Warning",
            "E": "Hint"
        },
        "path": [],
        "interpreter": [
            "/bin/python"
        ],
        "importStrategy": "useBundled",
        "showNotifications": "off"
    }
]

/bin/python -m isort --version-number
CWD Linter: /home/zoltan/Desktop/djangofeladat
Version info for isort running for /home/zoltan/Desktop/djangofeladat:
5.10.1

SUPPORTED isort>=5.10.1
FOUND isort==5.10.1

