[Info  - 4:58:10 PM] (346) Pylance language server 2022.12.20 (pyright 621d886b) starting
[Info  - 4:58:11 PM] (346) Server root directory: /home/zoltan/.var/app/com.visualstudio.code/data/vscode/extensions/ms-python.vscode-pylance-2022.12.20/dist
[Info  - 4:58:11 PM] (346) Starting service instance "djangofeladat"
[Info  - 4:58:11 PM] (346) Notebook support: LSP
[Info  - 4:58:11 PM] (346) Interactive window support: LSP
[Info  - 4:58:11 PM] (346) No configuration file found.
[Info  - 4:58:11 PM] (346) No pyproject.toml file found.
[Info  - 4:58:11 PM] (346) Setting pythonPath for service "djangofeladat": "/home/zoltan/Desktop/djangofeladat/venv/bin/python"
[Warn  - 4:58:11 PM] (346) stubPath /home/zoltan/Desktop/djangofeladat/typings is not a valid directory.
[Info  - 4:58:11 PM] (346) Assuming Python version 3.10
[Info  - 4:58:11 PM] (346) Assuming Python platform Linux
[Info  - 4:58:11 PM] (346) Searching for source files
[Info  - 4:58:11 PM] (346) Auto-excluding /home/zoltan/Desktop/djangofeladat/venv
[Info  - 4:58:11 PM] (346) Found 7 source files
[Info  - 4:58:12 PM] (346) Background analysis(1) root directory: /home/zoltan/.var/app/com.visualstudio.code/data/vscode/extensions/ms-python.vscode-pylance-2022.12.20/dist
[Info  - 4:58:12 PM] (346) Background analysis(1) started
[Info  - 4:58:12 PM] (346) Indexer background runner(2) root directory: /home/zoltan/.var/app/com.visualstudio.code/data/vscode/extensions/ms-python.vscode-pylance-2022.12.20/dist (index)
[Info  - 4:58:12 PM] (346) Indexing(2) started
[Info  - 4:58:13 PM] (346) scanned(2) 34 files over 1 exec env
[Info  - 4:58:15 PM] (346) indexed(2) 25 files over 1 exec env
[Info  - 4:58:15 PM] (346) Indexing finished(2).
