2022-12-30 16:27:29.245 [info] Extension host with pid 126 started
2022-12-30 16:27:29.313 [info] ExtensionService#_doActivateExtension ms-python.python, startup: false, activationEvent: 'onLanguage:python'
2022-12-30 16:27:29.471 [info] ExtensionService#_doActivateExtension ms-toolsai.jupyter, startup: false, activationEvent: 'onLanguage:python'
2022-12-30 16:27:29.627 [info] ExtensionService#_doActivateExtension vscode.microsoft-authentication, startup: false, activationEvent: 'onAuthenticationRequest:microsoft'
2022-12-30 16:27:29.729 [info] ExtensionService#_doActivateExtension vscode.git-base, startup: true, activationEvent: '*'
2022-12-30 16:27:30.529 [info] ExtensionService#_doActivateExtension vscode.github, startup: true, activationEvent: '*'
2022-12-30 16:27:30.590 [info] ExtensionService#_doActivateExtension ms-python.vscode-pylance, startup: false, activationEvent: 'onLanguage:python'
2022-12-30 16:27:30.716 [info] Eager extensions activated
2022-12-30 16:27:30.742 [info] ExtensionService#_doActivateExtension vscode.debug-auto-launch, startup: false, activationEvent: 'onStartupFinished'
2022-12-30 16:27:30.760 [info] ExtensionService#_doActivateExtension vscode.emmet, startup: false, activationEvent: 'onStartupFinished'
2022-12-30 16:27:30.772 [info] ExtensionService#_doActivateExtension vscode.merge-conflict, startup: false, activationEvent: 'onStartupFinished'
2022-12-30 16:27:30.994 [info] ExtensionService#_doActivateExtension vscode.github-authentication, startup: false, activationEvent: 'onAuthenticationRequest:github'
2022-12-30 16:27:31.575 [error] Error: Workspace not trusted
	at w.createActivatedEnvironment (/home/zoltan/.var/app/com.visualstudio.code/data/vscode/extensions/ms-toolsai.jupyter-2022.11.1003412109/out/extension.node.js:7:79767)
	at /home/zoltan/.var/app/com.visualstudio.code/data/vscode/extensions/ms-toolsai.jupyter-2022.11.1003412109/out/extension.node.js:7:100935
	at t.tracing (/home/zoltan/.var/app/com.visualstudio.code/data/vscode/extensions/ms-toolsai.jupyter-2022.11.1003412109/out/extension.node.js:7:125568)
	at i.value (/home/zoltan/.var/app/com.visualstudio.code/data/vscode/extensions/ms-toolsai.jupyter-2022.11.1003412109/out/extension.node.js:7:100915)
	at r.getPackageInformation (/home/zoltan/.var/app/com.visualstudio.code/data/vscode/extensions/ms-toolsai.jupyter-2022.11.1003412109/out/extension.node.js:17:42107)
	at /home/zoltan/.var/app/com.visualstudio.code/data/vscode/extensions/ms-toolsai.jupyter-2022.11.1003412109/out/extension.node.js:7:100935
	at t.tracing (/home/zoltan/.var/app/com.visualstudio.code/data/vscode/extensions/ms-toolsai.jupyter-2022.11.1003412109/out/extension.node.js:7:125568)
	at i.value (/home/zoltan/.var/app/com.visualstudio.code/data/vscode/extensions/ms-toolsai.jupyter-2022.11.1003412109/out/extension.node.js:7:100915)
	at r.trackInterpreterPackages (/home/zoltan/.var/app/com.visualstudio.code/data/vscode/extensions/ms-toolsai.jupyter-2022.11.1003412109/out/extension.node.js:17:41743)
	at r.trackPackagesInternal (/home/zoltan/.var/app/com.visualstudio.code/data/vscode/extensions/ms-toolsai.jupyter-2022.11.1003412109/out/extension.node.js:17:41556)
	at r.trackPackages (/home/zoltan/.var/app/com.visualstudio.code/data/vscode/extensions/ms-toolsai.jupyter-2022.11.1003412109/out/extension.node.js:17:40124)
	at m.trackPackagesOfActiveInterpreter (/home/zoltan/.var/app/com.visualstudio.code/data/vscode/extensions/ms-toolsai.jupyter-2022.11.1003412109/out/extension.node.js:2:2519048)
	at async m.trackUponActivation (/home/zoltan/.var/app/com.visualstudio.code/data/vscode/extensions/ms-toolsai.jupyter-2022.11.1003412109/out/extension.node.js:2:2518807)
2022-12-30 16:29:34.146 [info] Extension host terminating: renderer closed the MessagePort
2022-12-30 16:29:34.162 [info] Extension host with pid 126 exiting with code 0
