2022-12-30 16:45:52.109 [info] Extension host with pid 131 started
2022-12-30 16:45:52.365 [info] ExtensionService#_doActivateExtension vscode.microsoft-authentication, startup: false, activationEvent: 'onAuthenticationRequest:microsoft'
2022-12-30 16:45:52.389 [info] ExtensionService#_doActivateExtension vscode.git-base, startup: true, activationEvent: '*'
2022-12-30 16:45:52.569 [info] ExtensionService#_doActivateExtension vscode.github, startup: true, activationEvent: '*'
2022-12-30 16:45:52.582 [info] Eager extensions activated
2022-12-30 16:45:52.586 [info] ExtensionService#_doActivateExtension vscode.debug-auto-launch, startup: false, activationEvent: 'onStartupFinished'
2022-12-30 16:45:52.586 [info] ExtensionService#_doActivateExtension vscode.emmet, startup: false, activationEvent: 'onStartupFinished'
2022-12-30 16:45:52.588 [info] ExtensionService#_doActivateExtension vscode.merge-conflict, startup: false, activationEvent: 'onStartupFinished'
2022-12-30 16:45:52.991 [info] ExtensionService#_doActivateExtension vscode.github-authentication, startup: false, activationEvent: 'onAuthenticationRequest:github'
2022-12-30 16:47:15.704 [info] ExtensionService#_doActivateExtension vscode.html-language-features, startup: false, activationEvent: 'onLanguage:html'
2022-12-30 16:48:21.562 [info] ExtensionService#_doActivateExtension vscode.css-language-features, startup: false, activationEvent: 'onLanguage:css'
2022-12-30 16:53:28.954 [info] ExtensionService#_doActivateExtension ms-python.python, startup: false, activationEvent: 'onLanguage:python'
2022-12-30 16:53:28.955 [info] ExtensionService#_doActivateExtension ms-toolsai.jupyter, startup: false, activationEvent: 'onLanguage:python'
2022-12-30 16:53:31.089 [info] ExtensionService#_doActivateExtension ms-python.vscode-pylance, startup: false, activationEvent: 'onLanguage:python'
2022-12-30 16:53:32.055 [error] Error: Workspace not trusted
	at w.createActivatedEnvironment (/home/zoltan/.var/app/com.visualstudio.code/data/vscode/extensions/ms-toolsai.jupyter-2022.11.1003412109/out/extension.node.js:7:79767)
	at /home/zoltan/.var/app/com.visualstudio.code/data/vscode/extensions/ms-toolsai.jupyter-2022.11.1003412109/out/extension.node.js:7:100935
	at t.tracing (/home/zoltan/.var/app/com.visualstudio.code/data/vscode/extensions/ms-toolsai.jupyter-2022.11.1003412109/out/extension.node.js:7:125568)
	at i.value (/home/zoltan/.var/app/com.visualstudio.code/data/vscode/extensions/ms-toolsai.jupyter-2022.11.1003412109/out/extension.node.js:7:100915)
	at r.getPackageInformation (/home/zoltan/.var/app/com.visualstudio.code/data/vscode/extensions/ms-toolsai.jupyter-2022.11.1003412109/out/extension.node.js:17:42107)
	at /home/zoltan/.var/app/com.visualstudio.code/data/vscode/extensions/ms-toolsai.jupyter-2022.11.1003412109/out/extension.node.js:7:100935
	at t.tracing (/home/zoltan/.var/app/com.visualstudio.code/data/vscode/extensions/ms-toolsai.jupyter-2022.11.1003412109/out/extension.node.js:7:125568)
	at i.value (/home/zoltan/.var/app/com.visualstudio.code/data/vscode/extensions/ms-toolsai.jupyter-2022.11.1003412109/out/extension.node.js:7:100915)
	at r.trackInterpreterPackages (/home/zoltan/.var/app/com.visualstudio.code/data/vscode/extensions/ms-toolsai.jupyter-2022.11.1003412109/out/extension.node.js:17:41743)
	at r.trackPackagesInternal (/home/zoltan/.var/app/com.visualstudio.code/data/vscode/extensions/ms-toolsai.jupyter-2022.11.1003412109/out/extension.node.js:17:41556)
	at r.trackPackages (/home/zoltan/.var/app/com.visualstudio.code/data/vscode/extensions/ms-toolsai.jupyter-2022.11.1003412109/out/extension.node.js:17:40124)
	at m.trackPackagesOfActiveInterpreter (/home/zoltan/.var/app/com.visualstudio.code/data/vscode/extensions/ms-toolsai.jupyter-2022.11.1003412109/out/extension.node.js:2:2519048)
	at async m.trackUponActivation (/home/zoltan/.var/app/com.visualstudio.code/data/vscode/extensions/ms-toolsai.jupyter-2022.11.1003412109/out/extension.node.js:2:2518807)
2022-12-30 16:57:53.633 [info] Extension host terminating: received terminate message from renderer
2022-12-30 16:57:53.714 [info] Extension host with pid 131 exiting with code 0
2022-12-30 16:57:55.702 [info] Extension host with pid 279 started
2022-12-30 16:57:55.702 [info] Skipping acquiring lock for /home/zoltan/.var/app/com.visualstudio.code/config/Code/User/workspaceStorage/4e25f233b141c60bebb9c5ab92dabdd4.
2022-12-30 16:57:55.843 [info] ExtensionService#_doActivateExtension vscode.microsoft-authentication, startup: false, activationEvent: 'onAuthenticationRequest:microsoft'
2022-12-30 16:57:55.892 [info] ExtensionService#_doActivateExtension vscode.git-base, startup: true, activationEvent: '*'
2022-12-30 16:57:56.006 [info] ExtensionService#_doActivateExtension vscode.github, startup: true, activationEvent: '*'
2022-12-30 16:57:56.118 [info] Eager extensions activated
2022-12-30 16:57:56.220 [info] ExtensionService#_doActivateExtension vscode.debug-auto-launch, startup: false, activationEvent: 'onStartupFinished'
2022-12-30 16:57:56.222 [info] ExtensionService#_doActivateExtension vscode.emmet, startup: false, activationEvent: 'onStartupFinished'
2022-12-30 16:57:56.243 [info] ExtensionService#_doActivateExtension vscode.merge-conflict, startup: false, activationEvent: 'onStartupFinished'
2022-12-30 16:57:56.307 [info] ExtensionService#_doActivateExtension vscode.github-authentication, startup: false, activationEvent: 'onAuthenticationRequest:github'
2022-12-30 16:57:56.646 [info] ExtensionService#_doActivateExtension vscode.git, startup: false, activationEvent: 'api', root cause: vscode.github
2022-12-30 16:58:05.702 [info] ExtensionService#_doActivateExtension vscode.html-language-features, startup: false, activationEvent: 'onLanguage:html'
2022-12-30 16:58:07.485 [info] ExtensionService#_doActivateExtension ms-python.python, startup: false, activationEvent: 'onLanguage:python', root cause: ms-python.isort
2022-12-30 16:58:08.011 [info] ExtensionService#_doActivateExtension ms-toolsai.jupyter, startup: false, activationEvent: 'onLanguage:python'
2022-12-30 16:58:09.467 [info] ExtensionService#_doActivateExtension ms-toolsai.jupyter-renderers, startup: false, activationEvent: 'api', root cause: ms-toolsai.jupyter
2022-12-30 16:58:09.582 [info] ExtensionService#_doActivateExtension ms-python.isort, startup: false, activationEvent: 'onLanguage:python'
2022-12-30 16:58:09.629 [info] ExtensionService#_doActivateExtension ms-python.vscode-pylance, startup: false, activationEvent: 'onLanguage:python'
2022-12-30 17:17:37.393 [info] ExtensionService#_doActivateExtension vscode.css-language-features, startup: false, activationEvent: 'onLanguage:css'
2022-12-30 20:49:38.626 [info] Extension host terminating: renderer closed the MessagePort
2022-12-30 20:49:38.861 [info] Extension host with pid 279 exiting with code 0
