2022-12-30 14:31:10.760 [info] Initial editor state {"filesToOpenOrCreate":[{"fileUri":{"$mid":1,"path":"/app/share/vscode/flatpak-warning.txt","scheme":"file"},"type":1,"exists":true,"options":{}}],"filesToDiff":[],"filesToMerge":[]}
2022-12-30 14:31:11.653 [info] Started initializing default profile extensions in extensions installation folder. file:///home/zoltan/.var/app/com.visualstudio.code/data/vscode/extensions
2022-12-30 14:31:11.937 [info] Completed initializing default profile extensions in extensions installation folder. file:///home/zoltan/.var/app/com.visualstudio.code/data/vscode/extensions
2022-12-30 14:31:14.799 [info] [perf] Render performance baseline is 22ms
2022-12-30 14:38:58.417 [error] Cannot read properties of undefined (reading 'auto'): TypeError: Cannot read properties of undefined (reading 'auto')
    at la.E (vscode-file://vscode-app/app/extra/vscode/resources/app/out/vs/workbench/workbench.desktop.main.js:769:14914)
    at la.A (vscode-file://vscode-app/app/extra/vscode/resources/app/out/vs/workbench/workbench.desktop.main.js:769:11261)
    at vscode-file://vscode-app/app/extra/vscode/resources/app/out/vs/workbench/workbench.desktop.main.js:769:8577
    at u.invoke (vscode-file://vscode-app/app/extra/vscode/resources/app/out/vs/workbench/workbench.desktop.main.js:85:145)
    at f.deliver (vscode-file://vscode-app/app/extra/vscode/resources/app/out/vs/workbench/workbench.desktop.main.js:85:2029)
    at d.fire (vscode-file://vscode-app/app/extra/vscode/resources/app/out/vs/workbench/workbench.desktop.main.js:85:1667)
    at vscode-file://vscode-app/app/extra/vscode/resources/app/out/vs/workbench/workbench.desktop.main.js:731:15571
    at u.invoke (vscode-file://vscode-app/app/extra/vscode/resources/app/out/vs/workbench/workbench.desktop.main.js:85:145)
    at s.deliver (vscode-file://vscode-app/app/extra/vscode/resources/app/out/vs/workbench/workbench.desktop.main.js:85:2029)
    at d.fire (vscode-file://vscode-app/app/extra/vscode/resources/app/out/vs/workbench/workbench.desktop.main.js:85:1667)
    at L.n (vscode-file://vscode-app/app/extra/vscode/resources/app/out/vs/workbench/workbench.desktop.main.js:590:54325)
    at L.endEmitViewEvents (vscode-file://vscode-app/app/extra/vscode/resources/app/out/vs/workbench/workbench.desktop.main.js:590:54826)
    at v.M (vscode-file://vscode-app/app/extra/vscode/resources/app/out/vs/workbench/workbench.desktop.main.js:729:4221)
    at v.L (vscode-file://vscode-app/app/extra/vscode/resources/app/out/vs/workbench/workbench.desktop.main.js:729:2888)
    at v.executeEdits (vscode-file://vscode-app/app/extra/vscode/resources/app/out/vs/workbench/workbench.desktop.main.js:729:2918)
    at rn.executeEdits (vscode-file://vscode-app/app/extra/vscode/resources/app/out/vs/workbench/workbench.desktop.main.js:731:9052)
    at ki.insert (vscode-file://vscode-app/app/extra/vscode/resources/app/out/vs/workbench/workbench.desktop.main.js:768:78758)
    at Nn.p (vscode-file://vscode-app/app/extra/vscode/resources/app/out/vs/workbench/workbench.desktop.main.js:768:82561)
    at Nn.insert (vscode-file://vscode-app/app/extra/vscode/resources/app/out/vs/workbench/workbench.desktop.main.js:768:82033)
    at i.insertSnippet (vscode-file://vscode-app/app/extra/vscode/resources/app/out/vs/workbench/workbench.desktop.main.js:1682:13318)
    at ec.$tryInsertSnippet (vscode-file://vscode-app/app/extra/vscode/resources/app/out/vs/workbench/workbench.desktop.main.js:2454:14102)
    at v.N (vscode-file://vscode-app/app/extra/vscode/resources/app/out/vs/workbench/workbench.desktop.main.js:1690:10803)
    at v.M (vscode-file://vscode-app/app/extra/vscode/resources/app/out/vs/workbench/workbench.desktop.main.js:1690:10521)
    at v.H (vscode-file://vscode-app/app/extra/vscode/resources/app/out/vs/workbench/workbench.desktop.main.js:1690:9614)
    at v.G (vscode-file://vscode-app/app/extra/vscode/resources/app/out/vs/workbench/workbench.desktop.main.js:1690:8595)
    at vscode-file://vscode-app/app/extra/vscode/resources/app/out/vs/workbench/workbench.desktop.main.js:1690:7383
    at u.invoke (vscode-file://vscode-app/app/extra/vscode/resources/app/out/vs/workbench/workbench.desktop.main.js:85:145)
    at s.deliver (vscode-file://vscode-app/app/extra/vscode/resources/app/out/vs/workbench/workbench.desktop.main.js:85:2029)
    at d.fire (vscode-file://vscode-app/app/extra/vscode/resources/app/out/vs/workbench/workbench.desktop.main.js:85:1667)
    at o.fire (vscode-file://vscode-app/app/extra/vscode/resources/app/out/vs/workbench/workbench.desktop.main.js:550:14605)
    at p.y (vscode-file://vscode-app/app/extra/vscode/resources/app/out/vs/workbench/workbench.desktop.main.js:550:17615)
    at vscode-file://vscode-app/app/extra/vscode/resources/app/out/vs/workbench/workbench.desktop.main.js:550:16086
    at u.invoke (vscode-file://vscode-app/app/extra/vscode/resources/app/out/vs/workbench/workbench.desktop.main.js:85:145)
    at s.deliver (vscode-file://vscode-app/app/extra/vscode/resources/app/out/vs/workbench/workbench.desktop.main.js:85:2029)
    at d.fire (vscode-file://vscode-app/app/extra/vscode/resources/app/out/vs/workbench/workbench.desktop.main.js:85:1667)
    at d.acceptChunk (vscode-file://vscode-app/app/extra/vscode/resources/app/out/vs/workbench/workbench.desktop.main.js:550:12336)
    at vscode-file://vscode-app/app/extra/vscode/resources/app/out/vs/workbench/workbench.desktop.main.js:550:11623
    at Socket.k (vscode-file://vscode-app/app/extra/vscode/resources/app/out/vs/workbench/workbench.desktop.main.js:550:20084)
    at Socket.emit (node:events:526:28)
    at addChunk (node:internal/streams/readable:315:12)
    at readableAddChunk (node:internal/streams/readable:289:9)
    at Readable.push (node:internal/streams/readable:228:10)
    at Pipe.onStreamRead (node:internal/stream_base_commons:190:23)
2022-12-30 14:39:54.688 [error] Cannot read properties of undefined (reading 'auto'): TypeError: Cannot read properties of undefined (reading 'auto')
    at la.E (vscode-file://vscode-app/app/extra/vscode/resources/app/out/vs/workbench/workbench.desktop.main.js:769:14914)
    at la.A (vscode-file://vscode-app/app/extra/vscode/resources/app/out/vs/workbench/workbench.desktop.main.js:769:11261)
    at vscode-file://vscode-app/app/extra/vscode/resources/app/out/vs/workbench/workbench.desktop.main.js:769:8577
    at u.invoke (vscode-file://vscode-app/app/extra/vscode/resources/app/out/vs/workbench/workbench.desktop.main.js:85:145)
    at f.deliver (vscode-file://vscode-app/app/extra/vscode/resources/app/out/vs/workbench/workbench.desktop.main.js:85:2029)
    at d.fire (vscode-file://vscode-app/app/extra/vscode/resources/app/out/vs/workbench/workbench.desktop.main.js:85:1667)
    at vscode-file://vscode-app/app/extra/vscode/resources/app/out/vs/workbench/workbench.desktop.main.js:731:15571
    at u.invoke (vscode-file://vscode-app/app/extra/vscode/resources/app/out/vs/workbench/workbench.desktop.main.js:85:145)
    at s.deliver (vscode-file://vscode-app/app/extra/vscode/resources/app/out/vs/workbench/workbench.desktop.main.js:85:2029)
    at d.fire (vscode-file://vscode-app/app/extra/vscode/resources/app/out/vs/workbench/workbench.desktop.main.js:85:1667)
    at L.n (vscode-file://vscode-app/app/extra/vscode/resources/app/out/vs/workbench/workbench.desktop.main.js:590:54325)
    at L.endEmitViewEvents (vscode-file://vscode-app/app/extra/vscode/resources/app/out/vs/workbench/workbench.desktop.main.js:590:54826)
    at v.M (vscode-file://vscode-app/app/extra/vscode/resources/app/out/vs/workbench/workbench.desktop.main.js:729:4221)
    at v.L (vscode-file://vscode-app/app/extra/vscode/resources/app/out/vs/workbench/workbench.desktop.main.js:729:2888)
    at v.executeEdits (vscode-file://vscode-app/app/extra/vscode/resources/app/out/vs/workbench/workbench.desktop.main.js:729:2918)
    at rn.executeEdits (vscode-file://vscode-app/app/extra/vscode/resources/app/out/vs/workbench/workbench.desktop.main.js:731:9052)
    at ki.insert (vscode-file://vscode-app/app/extra/vscode/resources/app/out/vs/workbench/workbench.desktop.main.js:768:78758)
    at Nn.p (vscode-file://vscode-app/app/extra/vscode/resources/app/out/vs/workbench/workbench.desktop.main.js:768:82561)
    at Nn.insert (vscode-file://vscode-app/app/extra/vscode/resources/app/out/vs/workbench/workbench.desktop.main.js:768:82033)
    at i.insertSnippet (vscode-file://vscode-app/app/extra/vscode/resources/app/out/vs/workbench/workbench.desktop.main.js:1682:13318)
    at ec.$tryInsertSnippet (vscode-file://vscode-app/app/extra/vscode/resources/app/out/vs/workbench/workbench.desktop.main.js:2454:14102)
    at v.N (vscode-file://vscode-app/app/extra/vscode/resources/app/out/vs/workbench/workbench.desktop.main.js:1690:10803)
    at v.M (vscode-file://vscode-app/app/extra/vscode/resources/app/out/vs/workbench/workbench.desktop.main.js:1690:10521)
    at v.H (vscode-file://vscode-app/app/extra/vscode/resources/app/out/vs/workbench/workbench.desktop.main.js:1690:9614)
    at v.G (vscode-file://vscode-app/app/extra/vscode/resources/app/out/vs/workbench/workbench.desktop.main.js:1690:8595)
    at vscode-file://vscode-app/app/extra/vscode/resources/app/out/vs/workbench/workbench.desktop.main.js:1690:7383
    at u.invoke (vscode-file://vscode-app/app/extra/vscode/resources/app/out/vs/workbench/workbench.desktop.main.js:85:145)
    at s.deliver (vscode-file://vscode-app/app/extra/vscode/resources/app/out/vs/workbench/workbench.desktop.main.js:85:2029)
    at d.fire (vscode-file://vscode-app/app/extra/vscode/resources/app/out/vs/workbench/workbench.desktop.main.js:85:1667)
    at o.fire (vscode-file://vscode-app/app/extra/vscode/resources/app/out/vs/workbench/workbench.desktop.main.js:550:14605)
    at p.y (vscode-file://vscode-app/app/extra/vscode/resources/app/out/vs/workbench/workbench.desktop.main.js:550:17615)
    at vscode-file://vscode-app/app/extra/vscode/resources/app/out/vs/workbench/workbench.desktop.main.js:550:16086
    at u.invoke (vscode-file://vscode-app/app/extra/vscode/resources/app/out/vs/workbench/workbench.desktop.main.js:85:145)
    at s.deliver (vscode-file://vscode-app/app/extra/vscode/resources/app/out/vs/workbench/workbench.desktop.main.js:85:2029)
    at d.fire (vscode-file://vscode-app/app/extra/vscode/resources/app/out/vs/workbench/workbench.desktop.main.js:85:1667)
    at d.acceptChunk (vscode-file://vscode-app/app/extra/vscode/resources/app/out/vs/workbench/workbench.desktop.main.js:550:12336)
    at vscode-file://vscode-app/app/extra/vscode/resources/app/out/vs/workbench/workbench.desktop.main.js:550:11623
    at Socket.k (vscode-file://vscode-app/app/extra/vscode/resources/app/out/vs/workbench/workbench.desktop.main.js:550:20084)
    at Socket.emit (node:events:526:28)
    at addChunk (node:internal/streams/readable:315:12)
    at readableAddChunk (node:internal/streams/readable:289:9)
    at Readable.push (node:internal/streams/readable:228:10)
    at Pipe.onStreamRead (node:internal/stream_base_commons:190:23)
2022-12-30 14:40:00.840 [error] Cannot read properties of undefined (reading 'auto'): TypeError: Cannot read properties of undefined (reading 'auto')
    at la.E (vscode-file://vscode-app/app/extra/vscode/resources/app/out/vs/workbench/workbench.desktop.main.js:769:14914)
    at la.A (vscode-file://vscode-app/app/extra/vscode/resources/app/out/vs/workbench/workbench.desktop.main.js:769:11261)
    at vscode-file://vscode-app/app/extra/vscode/resources/app/out/vs/workbench/workbench.desktop.main.js:769:8577
    at u.invoke (vscode-file://vscode-app/app/extra/vscode/resources/app/out/vs/workbench/workbench.desktop.main.js:85:145)
    at f.deliver (vscode-file://vscode-app/app/extra/vscode/resources/app/out/vs/workbench/workbench.desktop.main.js:85:2029)
    at d.fire (vscode-file://vscode-app/app/extra/vscode/resources/app/out/vs/workbench/workbench.desktop.main.js:85:1667)
    at vscode-file://vscode-app/app/extra/vscode/resources/app/out/vs/workbench/workbench.desktop.main.js:731:15571
    at u.invoke (vscode-file://vscode-app/app/extra/vscode/resources/app/out/vs/workbench/workbench.desktop.main.js:85:145)
    at s.deliver (vscode-file://vscode-app/app/extra/vscode/resources/app/out/vs/workbench/workbench.desktop.main.js:85:2029)
    at d.fire (vscode-file://vscode-app/app/extra/vscode/resources/app/out/vs/workbench/workbench.desktop.main.js:85:1667)
    at L.n (vscode-file://vscode-app/app/extra/vscode/resources/app/out/vs/workbench/workbench.desktop.main.js:590:54325)
    at L.endEmitViewEvents (vscode-file://vscode-app/app/extra/vscode/resources/app/out/vs/workbench/workbench.desktop.main.js:590:54826)
    at v.M (vscode-file://vscode-app/app/extra/vscode/resources/app/out/vs/workbench/workbench.desktop.main.js:729:4221)
    at v.L (vscode-file://vscode-app/app/extra/vscode/resources/app/out/vs/workbench/workbench.desktop.main.js:729:2888)
    at v.executeEdits (vscode-file://vscode-app/app/extra/vscode/resources/app/out/vs/workbench/workbench.desktop.main.js:729:2918)
    at rn.executeEdits (vscode-file://vscode-app/app/extra/vscode/resources/app/out/vs/workbench/workbench.desktop.main.js:731:9052)
    at ki.insert (vscode-file://vscode-app/app/extra/vscode/resources/app/out/vs/workbench/workbench.desktop.main.js:768:78758)
    at Nn.p (vscode-file://vscode-app/app/extra/vscode/resources/app/out/vs/workbench/workbench.desktop.main.js:768:82561)
    at Nn.insert (vscode-file://vscode-app/app/extra/vscode/resources/app/out/vs/workbench/workbench.desktop.main.js:768:82033)
    at i.insertSnippet (vscode-file://vscode-app/app/extra/vscode/resources/app/out/vs/workbench/workbench.desktop.main.js:1682:13318)
    at ec.$tryInsertSnippet (vscode-file://vscode-app/app/extra/vscode/resources/app/out/vs/workbench/workbench.desktop.main.js:2454:14102)
    at v.N (vscode-file://vscode-app/app/extra/vscode/resources/app/out/vs/workbench/workbench.desktop.main.js:1690:10803)
    at v.M (vscode-file://vscode-app/app/extra/vscode/resources/app/out/vs/workbench/workbench.desktop.main.js:1690:10521)
    at v.H (vscode-file://vscode-app/app/extra/vscode/resources/app/out/vs/workbench/workbench.desktop.main.js:1690:9614)
    at v.G (vscode-file://vscode-app/app/extra/vscode/resources/app/out/vs/workbench/workbench.desktop.main.js:1690:8595)
    at vscode-file://vscode-app/app/extra/vscode/resources/app/out/vs/workbench/workbench.desktop.main.js:1690:7383
    at u.invoke (vscode-file://vscode-app/app/extra/vscode/resources/app/out/vs/workbench/workbench.desktop.main.js:85:145)
    at s.deliver (vscode-file://vscode-app/app/extra/vscode/resources/app/out/vs/workbench/workbench.desktop.main.js:85:2029)
    at d.fire (vscode-file://vscode-app/app/extra/vscode/resources/app/out/vs/workbench/workbench.desktop.main.js:85:1667)
    at o.fire (vscode-file://vscode-app/app/extra/vscode/resources/app/out/vs/workbench/workbench.desktop.main.js:550:14605)
    at p.y (vscode-file://vscode-app/app/extra/vscode/resources/app/out/vs/workbench/workbench.desktop.main.js:550:17615)
    at vscode-file://vscode-app/app/extra/vscode/resources/app/out/vs/workbench/workbench.desktop.main.js:550:16086
    at u.invoke (vscode-file://vscode-app/app/extra/vscode/resources/app/out/vs/workbench/workbench.desktop.main.js:85:145)
    at s.deliver (vscode-file://vscode-app/app/extra/vscode/resources/app/out/vs/workbench/workbench.desktop.main.js:85:2029)
    at d.fire (vscode-file://vscode-app/app/extra/vscode/resources/app/out/vs/workbench/workbench.desktop.main.js:85:1667)
    at d.acceptChunk (vscode-file://vscode-app/app/extra/vscode/resources/app/out/vs/workbench/workbench.desktop.main.js:550:12336)
    at vscode-file://vscode-app/app/extra/vscode/resources/app/out/vs/workbench/workbench.desktop.main.js:550:11623
    at Socket.k (vscode-file://vscode-app/app/extra/vscode/resources/app/out/vs/workbench/workbench.desktop.main.js:550:20084)
    at Socket.emit (node:events:526:28)
    at addChunk (node:internal/streams/readable:315:12)
    at readableAddChunk (node:internal/streams/readable:289:9)
    at Readable.push (node:internal/streams/readable:228:10)
    at Pipe.onStreamRead (node:internal/stream_base_commons:190:23)
2022-12-30 15:07:11.857 [info] UNRESPONSIVE extension host: starting to profile NOW
