Visual Studio Code (1.74.1, undefined, desktop)
Jupyter Extension Version: 2022.11.1003412109.
Python Extension Version: 2022.20.1.
No workspace folder opened.
info 16:27:29.812: ZMQ install verified.
User belongs to experiment group 'jupyterTest'
User belongs to experiment group 'jupyterEnhancedDataViewer'
info 16:27:30.393: LSP Notebooks experiment is enabled
error 16:27:30.570: Create activated Env, Class name = w, completed in 0ms, has a falsy return value, Arg 1: {"allowEnvironmentFetchExceptions":true,"interpreter":{"id":"/bin/python","sysPrefix":"/usr","displayPath":{"$mid":1,"path":"/bin/python","scheme":"file"},"envName":"","uri":{"$mid":1,"fsPath":"/bin/python","external":"file:///bin/python","path":"/bin/python","scheme":"file"},"displayName":"","envType":"Unknown","version":{"major":3,"minor":10,"patch":6,"raw":"3.10.6 (main, Nov 10 2011, 15:00:00) [GCC 12.1.0]"}}} [Error: Workspace not trusted
	at w.createActivatedEnvironment (/home/zoltan/.var/app/com.visualstudio.code/data/vscode/extensions/ms-toolsai.jupyter-2022.11.1003412109/out/extension.node.js:7:79767)
	at /home/zoltan/.var/app/com.visualstudio.code/data/vscode/extensions/ms-toolsai.jupyter-2022.11.1003412109/out/extension.node.js:7:100935
	at t.tracing (/home/zoltan/.var/app/com.visualstudio.code/data/vscode/extensions/ms-toolsai.jupyter-2022.11.1003412109/out/extension.node.js:7:125568)
	at i.value (/home/zoltan/.var/app/com.visualstudio.code/data/vscode/extensions/ms-toolsai.jupyter-2022.11.1003412109/out/extension.node.js:7:100915)
	at r.getPackageInformation (/home/zoltan/.var/app/com.visualstudio.code/data/vscode/extensions/ms-toolsai.jupyter-2022.11.1003412109/out/extension.node.js:17:42107)
	at /home/zoltan/.var/app/com.visualstudio.code/data/vscode/extensions/ms-toolsai.jupyter-2022.11.1003412109/out/extension.node.js:7:100935
	at t.tracing (/home/zoltan/.var/app/com.visualstudio.code/data/vscode/extensions/ms-toolsai.jupyter-2022.11.1003412109/out/extension.node.js:7:125568)
	at i.value (/home/zoltan/.var/app/com.visualstudio.code/data/vscode/extensions/ms-toolsai.jupyter-2022.11.1003412109/out/extension.node.js:7:100915)
	at r.trackInterpreterPackages (/home/zoltan/.var/app/com.visualstudio.code/data/vscode/extensions/ms-toolsai.jupyter-2022.11.1003412109/out/extension.node.js:17:41743)
	at r.trackPackagesInternal (/home/zoltan/.var/app/com.visualstudio.code/data/vscode/extensions/ms-toolsai.jupyter-2022.11.1003412109/out/extension.node.js:17:41556)
	at r.trackPackages (/home/zoltan/.var/app/com.visualstudio.code/data/vscode/extensions/ms-toolsai.jupyter-2022.11.1003412109/out/extension.node.js:17:40124)
	at m.trackPackagesOfActiveInterpreter (/home/zoltan/.var/app/com.visualstudio.code/data/vscode/extensions/ms-toolsai.jupyter-2022.11.1003412109/out/extension.node.js:2:2519048)
	at async m.trackUponActivation (/home/zoltan/.var/app/com.visualstudio.code/data/vscode/extensions/ms-toolsai.jupyter-2022.11.1003412109/out/extension.node.js:2:2518807)]
error 16:27:30.571: interpreterPackages getPackageInformation, Class name = r, completed in 1ms, has a falsy return value, Arg 1: {"interpreter":{"id":"/bin/python","sysPrefix":"/usr","displayPath":{"$mid":1,"path":"/bin/python","scheme":"file"},"envName":"","uri":{"$mid":1,"fsPath":"/bin/python","external":"file:///bin/python","path":"/bin/python","scheme":"file"},"displayName":"","envType":"Unknown","version":{"major":3,"minor":10,"patch":6,"raw":"3.10.6 (main, Nov 10 2011, 15:00:00) [GCC 12.1.0]"}}} [Error: Workspace not trusted
	at w.createActivatedEnvironment (/home/zoltan/.var/app/com.visualstudio.code/data/vscode/extensions/ms-toolsai.jupyter-2022.11.1003412109/out/extension.node.js:7:79767)
	at /home/zoltan/.var/app/com.visualstudio.code/data/vscode/extensions/ms-toolsai.jupyter-2022.11.1003412109/out/extension.node.js:7:100935
	at t.tracing (/home/zoltan/.var/app/com.visualstudio.code/data/vscode/extensions/ms-toolsai.jupyter-2022.11.1003412109/out/extension.node.js:7:125568)
	at i.value (/home/zoltan/.var/app/com.visualstudio.code/data/vscode/extensions/ms-toolsai.jupyter-2022.11.1003412109/out/extension.node.js:7:100915)
	at r.getPackageInformation (/home/zoltan/.var/app/com.visualstudio.code/data/vscode/extensions/ms-toolsai.jupyter-2022.11.1003412109/out/extension.node.js:17:42107)
	at /home/zoltan/.var/app/com.visualstudio.code/data/vscode/extensions/ms-toolsai.jupyter-2022.11.1003412109/out/extension.node.js:7:100935
	at t.tracing (/home/zoltan/.var/app/com.visualstudio.code/data/vscode/extensions/ms-toolsai.jupyter-2022.11.1003412109/out/extension.node.js:7:125568)
	at i.value (/home/zoltan/.var/app/com.visualstudio.code/data/vscode/extensions/ms-toolsai.jupyter-2022.11.1003412109/out/extension.node.js:7:100915)
	at r.trackInterpreterPackages (/home/zoltan/.var/app/com.visualstudio.code/data/vscode/extensions/ms-toolsai.jupyter-2022.11.1003412109/out/extension.node.js:17:41743)
	at r.trackPackagesInternal (/home/zoltan/.var/app/com.visualstudio.code/data/vscode/extensions/ms-toolsai.jupyter-2022.11.1003412109/out/extension.node.js:17:41556)
	at r.trackPackages (/home/zoltan/.var/app/com.visualstudio.code/data/vscode/extensions/ms-toolsai.jupyter-2022.11.1003412109/out/extension.node.js:17:40124)
	at m.trackPackagesOfActiveInterpreter (/home/zoltan/.var/app/com.visualstudio.code/data/vscode/extensions/ms-toolsai.jupyter-2022.11.1003412109/out/extension.node.js:2:2519048)
	at async m.trackUponActivation (/home/zoltan/.var/app/com.visualstudio.code/data/vscode/extensions/ms-toolsai.jupyter-2022.11.1003412109/out/extension.node.js:2:2518807)]
info 16:29:34.152: Shutting down notebooks for 068272e4-a4ee-4dc5-93d0-0d99f552eabb
info 16:29:34.152: Disposing HostJupyterExecution 862f2084-2628-48ab-80df-4c28a0264645
info 16:29:34.152: Disposing super HostJupyterExecution 862f2084-2628-48ab-80df-4c28a0264645
info 16:29:34.152: Disposing HostJupyterExecution 862f2084-2628-48ab-80df-4c28a0264645
info 16:29:34.152: Finished disposing HostJupyterExecution  862f2084-2628-48ab-80df-4c28a0264645
info 16:29:34.158: Cleaning up server cache 862f2084-2628-48ab-80df-4c28a0264645
info 16:29:34.159: Finished disposing HostJupyterExecution  862f2084-2628-48ab-80df-4c28a0264645
