2022-12-30 16:45:51.168 [info] Added views:workbench.panel.markers.view in workbench.panel.markers
2022-12-30 16:45:51.168 [info] Added views:workbench.panel.output in workbench.panel.output
2022-12-30 16:45:51.168 [info] Added views:terminal in terminal
2022-12-30 16:45:51.168 [info] Added views:outline in workbench.view.explorer
2022-12-30 16:45:51.168 [info] Added views:workbench.scm in workbench.view.scm
2022-12-30 16:45:51.168 [info] Added views:workbench.view.search in workbench.view.search
2022-12-30 16:45:51.168 [info] Added views:timeline in workbench.view.explorer
2022-12-30 16:45:51.168 [info] Added views:workbench.explorer.emptyView in workbench.view.explorer
2022-12-30 16:45:51.404 [info] Added views:workbench.debug.welcome in workbench.view.debug
2022-12-30 16:45:52.305 [info] Added views:workbench.panel.repl.view in workbench.panel.repl
2022-12-30 16:53:31.013 [info] Added views:workbench.view.testing in workbench.view.extension.test
2022-12-30 16:57:53.648 [info] Removed views:workbench.view.testing from workbench.view.extension.test
2022-12-30 16:57:54.589 [info] Added views:workbench.panel.markers.view in workbench.panel.markers
2022-12-30 16:57:54.589 [info] Added views:workbench.panel.output in workbench.panel.output
2022-12-30 16:57:54.589 [info] Added views:terminal in terminal
2022-12-30 16:57:54.589 [info] Added views:outline in workbench.view.explorer
2022-12-30 16:57:54.589 [info] Added views:workbench.scm in workbench.view.scm
2022-12-30 16:57:54.589 [info] Added views:workbench.view.search in workbench.view.search
2022-12-30 16:57:54.589 [info] Added views:timeline in workbench.view.explorer
2022-12-30 16:57:54.589 [info] Added views:workbench.explorer.fileView in workbench.view.explorer
2022-12-30 16:57:54.589 [info] Added views:workbench.debug.variablesView,workbench.debug.watchExpressionsView,workbench.debug.callStackView,workbench.debug.breakPointsView in workbench.view.debug
2022-12-30 16:57:55.897 [info] Added views:workbench.panel.repl.view in workbench.panel.repl
2022-12-30 16:57:55.913 [info] Removed views:workbench.debug.breakPointsView,workbench.debug.callStackView,workbench.debug.watchExpressionsView,workbench.debug.variablesView from workbench.view.debug
2022-12-30 16:57:55.914 [info] Added views:workbench.debug.welcome in workbench.view.debug
2022-12-30 16:57:56.581 [info] Added views:cell-tag in workbench.view.extension.jupyter
2022-12-30 16:58:09.347 [info] Added views:workbench.view.testing in workbench.view.extension.test
2022-12-30 20:49:38.633 [info] Removed views:workbench.view.testing from workbench.view.extension.test
